{"name": "test_3", "status": "failed", "statusDetails": {"message": "AssertionError: assert (1 - 1) == 2", "trace": "def test_3():\n>     assert 1 - 1 == 2\nE     assert (1 - 1) == 2\n\ntest_sample.py:9: AssertionError"}, "start": 1758776969043, "stop": 1758776969044, "uuid": "4e6f8d9a-8fdc-4e12-9e37-ceb7bf1f2545", "historyId": "2c07cc70acafa7f801b482419dfc7c8f", "testCaseId": "2c07cc70acafa7f801b482419dfc7c8f", "fullName": "test_sample#test_3", "labels": [{"name": "suite", "value": "test_sample"}, {"name": "host", "value": "kantonoMacBook-Air.local"}, {"name": "thread", "value": "26907-MainThread"}, {"name": "framework", "value": "pytest"}, {"name": "language", "value": "cpython3"}, {"name": "package", "value": "test_sample"}], "titlePath": ["test_sample.py"]}